{
  "source_webserver": {
    "hosts": [
      "icemr.clinepidb.org"
    ], 
    "vars": {
      "ansible_user": "mheiges"
    }
  }, 
  "all": {
    "vars": {
      "ebrc": {
        "svn": {
          "switch": "svn switch -r22544 https://cbilsvn.pmacs.upenn.edu/svn/gus/install/trunk install;\nsvn switch -r22544 https://cbilsvn.pmacs.upenn.edu/svn/gus/FgpUtil/trunk FgpUtil;\nsvn switch -r22544 https://cbilsvn.pmacs.upenn.edu/svn/gus/WSF/trunk WSF;\nsvn switch -r22544 https://cbilsvn.pmacs.upenn.edu/svn/gus/WDK/trunk WDK;\nsvn switch -r88831 https://cbilsvn.pmacs.upenn.edu/svn/apidb/EbrcWebsiteCommon/trunk EbrcWebsiteCommon;\nsvn switch -r22544 https://cbilsvn.pmacs.upenn.edu/svn/gus/CBIL/trunk CBIL;\nsvn switch -r22544 https://cbilsvn.pmacs.upenn.edu/svn/gus/ReFlow/trunk ReFlow;\nsvn switch -r88831 https://cbilsvn.pmacs.upenn.edu/svn/apidb/EbrcModelCommon/trunk EbrcModelCommon;\nsvn switch -r88831 https://cbilsvn.pmacs.upenn.edu/svn/apidb/ClinEpiModel/trunk ClinEpiModel;\nsvn switch -r88831 https://cbilsvn.pmacs.upenn.edu/svn/apidb/ClinEpiWebsite/trunk ClinEpiWebsite;\nsvn switch -r88831 https://cbilsvn.pmacs.upenn.edu/svn/apidb/ClinEpiDatasets/trunk ClinEpiDatasets;\nsvn switch -r88831 https://cbilsvn.pmacs.upenn.edu/svn/apidb/ClinEpiPresenters/trunk ClinEpiPresenters;\n", 
          "checkout": "svn checkout -r22544 https://cbilsvn.pmacs.upenn.edu/svn/gus/install/trunk install;\nsvn checkout -r22544 https://cbilsvn.pmacs.upenn.edu/svn/gus/FgpUtil/trunk FgpUtil;\nsvn checkout -r22544 https://cbilsvn.pmacs.upenn.edu/svn/gus/WSF/trunk WSF;\nsvn checkout -r22544 https://cbilsvn.pmacs.upenn.edu/svn/gus/WDK/trunk WDK;\nsvn checkout -r88831 https://cbilsvn.pmacs.upenn.edu/svn/apidb/EbrcWebsiteCommon/trunk EbrcWebsiteCommon;\nsvn checkout -r22544 https://cbilsvn.pmacs.upenn.edu/svn/gus/CBIL/trunk CBIL;\nsvn checkout -r22544 https://cbilsvn.pmacs.upenn.edu/svn/gus/ReFlow/trunk ReFlow;\nsvn checkout -r88831 https://cbilsvn.pmacs.upenn.edu/svn/apidb/EbrcModelCommon/trunk EbrcModelCommon;\nsvn checkout -r88831 https://cbilsvn.pmacs.upenn.edu/svn/apidb/ClinEpiModel/trunk ClinEpiModel;\nsvn checkout -r88831 https://cbilsvn.pmacs.upenn.edu/svn/apidb/ClinEpiWebsite/trunk ClinEpiWebsite;\nsvn checkout -r88831 https://cbilsvn.pmacs.upenn.edu/svn/apidb/ClinEpiDatasets/trunk ClinEpiDatasets;\nsvn checkout -r88831 https://cbilsvn.pmacs.upenn.edu/svn/apidb/ClinEpiPresenters/trunk ClinEpiPresenters;\n", 
          "locations": [
            {
              "location": {
                "local": "install", 
                "remote": "https://cbilsvn.pmacs.upenn.edu/svn/gus/install/trunk", 
                "revision": "22544"
              }
            }, 
            {
              "location": {
                "local": "FgpUtil", 
                "remote": "https://cbilsvn.pmacs.upenn.edu/svn/gus/FgpUtil/trunk", 
                "revision": "22544"
              }
            }, 
            {
              "location": {
                "local": "WSF", 
                "remote": "https://cbilsvn.pmacs.upenn.edu/svn/gus/WSF/trunk", 
                "revision": "22544"
              }
            }, 
            {
              "location": {
                "local": "WDK", 
                "remote": "https://cbilsvn.pmacs.upenn.edu/svn/gus/WDK/trunk", 
                "revision": "22544"
              }
            }, 
            {
              "location": {
                "local": "EbrcWebsiteCommon", 
                "remote": "https://cbilsvn.pmacs.upenn.edu/svn/apidb/EbrcWebsiteCommon/trunk", 
                "revision": "88831"
              }
            }, 
            {
              "location": {
                "local": "CBIL", 
                "remote": "https://cbilsvn.pmacs.upenn.edu/svn/gus/CBIL/trunk", 
                "revision": "22544"
              }
            }, 
            {
              "location": {
                "local": "ReFlow", 
                "remote": "https://cbilsvn.pmacs.upenn.edu/svn/gus/ReFlow/trunk", 
                "revision": "22544"
              }
            }, 
            {
              "location": {
                "local": "EbrcModelCommon", 
                "remote": "https://cbilsvn.pmacs.upenn.edu/svn/apidb/EbrcModelCommon/trunk", 
                "revision": "88831"
              }
            }, 
            {
              "location": {
                "local": "ClinEpiModel", 
                "remote": "https://cbilsvn.pmacs.upenn.edu/svn/apidb/ClinEpiModel/trunk", 
                "revision": "88831"
              }
            }, 
            {
              "location": {
                "local": "ClinEpiWebsite", 
                "remote": "https://cbilsvn.pmacs.upenn.edu/svn/apidb/ClinEpiWebsite/trunk", 
                "revision": "88831"
              }
            }, 
            {
              "location": {
                "local": "ClinEpiDatasets", 
                "remote": "https://cbilsvn.pmacs.upenn.edu/svn/apidb/ClinEpiDatasets/trunk", 
                "revision": "88831"
              }
            }, 
            {
              "location": {
                "local": "ClinEpiPresenters", 
                "remote": "https://cbilsvn.pmacs.upenn.edu/svn/apidb/ClinEpiPresenters/trunk", 
                "revision": "88831"
              }
            }
          ]
        }, 
        "website": {
          "owner": "vmbuilder", 
          "do_code_checkout": false, 
          "do_build": false
        }, 
        "tomcat": {
          "instancestarttime": 516648093, 
          "majorversion": "6", 
          "webappstarttime": 1525195629283, 
          "webappstarttext": "42m 8s (since Tue 01 May 2018 1:27 PM)", 
          "instance": "ClinEpiDB", 
          "webapp": "ce.icemr", 
          "serverinfo": "Apache Tomcat/6.0.53", 
          "instancestarttext": "5d 23h (since Wed 25 Apr 2018 2:38 PM)"
        }, 
        "httpd": {
          "vhost": "sa.icemr.clinepidb.org", 
          "basic_auth_required": false
        }, 
        "wdk": {
          "querycache": {
            "tablecount": "3", 
            "enabled": "true"
          }, 
          "commentconfig": [], 
          "product": "ClinEpiDB", 
          "modelname": "ICEMR", 
          "displayname": "ClinEpiDB", 
          "projectid": "ICEMR", 
          "modelconfig": {
            "userdb": {
              "showconnectionsduration": "600", 
              "password": "*****", 
              "minidle": "1", 
              "maxwait": "50", 
              "platform": "Oracle", 
              "connectionurl": "jdbc:oracle:oci:@cecommdevn", 
              "maxidle": "10", 
              "maxactive": "20", 
              "userschema": "userlogins5.", 
              "defaultautocommit": "true", 
              "login": "webwww", 
              "driverinitclass": "org.eupathdb.common.db.EuPathDbDriverInitializer", 
              "showconnectionsinterval": "10", 
              "defaultreadonly": "false"
            }, 
            "querymonitor": {
              "slow": "5.0", 
              "baseline": "0.1"
            }, 
            "global": {
              "modelname": "clinEpiModel", 
              "smtpserver": "127.0.0.1", 
              "changepasswordurl": "*****", 
              "projectid": "ICEMR", 
              "wdktempdir": "/var/tmp/wdk", 
              "oauthurl": "https://eupathdb.org/oauth", 
              "supportemail": "help@clinepidb.org", 
              "emailsubject": "Your ClinEpiDB/EuPathDB Password", 
              "adminemail": "aurreco@uga.edu,crisl@upenn.edu,dfalke@uga.edu,mheiges@uga.edu,rdoherty@upenn.edu,sfischer@pcbi.upenn.edu", 
              "emailcontent": "<p>Thank you for registering at ClinEpiDB.org, a member site of the EuPathDB Bioinformatics Resource Center.</p>\n        <p>Your temporary password is: $$PASSWORD$$</p>\n        <p>You may now login to <a href=\"https://clinepidb.org\">ClinEpiDB</a> or any other EuPathDB member site.</p>", 
              "useweights": "true", 
              "keystorepassphrase": "*****", 
              "gushome": "/var/www/ClinEpiDB/ce.icemr/webapp/WEB-INF/wdk-model", 
              "oauthclientid": "apiComponentSite", 
              "webserviceurl": "local", 
              "keystorefile": "/etc/pki/java/cacerts", 
              "blockedthreshold": "20", 
              "secretkeyfile": "*****", 
              "authenticationmethod": "OAUTH2", 
              "oauthclientsecret": "*****"
            }, 
            "appdb": {
              "maxwait": "50", 
              "connectionurl": "jdbc:oracle:oci:@clinbl1n", 
              "platform": "Oracle", 
              "showconnectionsinterval": "10", 
              "driverinitclass": "org.eupathdb.common.db.EuPathDbDriverInitializer", 
              "acctdblink": "@acctdbN.profile", 
              "login": "webwww", 
              "password": "*****", 
              "minidle": "1", 
              "maxactive": "40", 
              "maxidle": "10", 
              "maxpkcolumnwidth": "150", 
              "defaultautocommit": "true", 
              "userdblink": "@cedevn.login_comment", 
              "defaultreadonly": "false", 
              "showconnectionsduration": "600"
            }, 
            "accountdb": {
              "showconnectionsduration": "600", 
              "password": "*****", 
              "minidle": "1", 
              "maxwait": "50", 
              "platform": "Oracle", 
              "accountschema": "useraccounts.", 
              "connectionurl": "jdbc:oracle:oci:@acctdbN", 
              "maxidle": "1", 
              "maxactive": "20", 
              "defaultautocommit": "true", 
              "showconnectionsinterval": "10", 
              "driverinitclass": "org.eupathdb.common.db.EuPathDbDriverInitializer", 
              "login": "webwww", 
              "defaultreadonly": "false"
            }
          }, 
          "buildnumber": "3", 
          "databases": {
            "userdb": {
              "sizeondisk": "4", 
              "servicename": "cecommR.upenn.edu", 
              "globalname": "CECOMMR.UPENN.EDU", 
              "servername": "ares6.pcbi.upenn.edu", 
              "instancename": "cecommR", 
              "aliases": [
                {
                  "alias": "cecommdevn"
                }
              ]
            }, 
            "appdb": {
              "sizeondisk": "186", 
              "servicename": "clinbl1n.upenn.edu", 
              "globalname": "CLINBL1N.UPENN.EDU", 
              "servername": "ares5.pcbi.upenn.edu", 
              "instancename": "clinbl1n", 
              "dbuniquename": "clinbl1n", 
              "aliases": [
                {
                  "alias": "clin-inc"
                }, 
                {
                  "alias": "clinbl1n"
                }
              ]
            }, 
            "accountdb": {
              "sizeondisk": "4", 
              "servicename": "acctdb.upenn.edu", 
              "globalname": "ACCTDB.UPENN.EDU", 
              "servername": "ares4.pcbi.upenn.edu", 
              "instancename": "acctdb", 
              "aliases": [
                {
                  "alias": "acctdbn"
                }
              ]
            }
          }, 
          "modelversion": "2", 
          "modelprop": {
            "stepanalysisjobdir": "/var/www/Common/tmp/wdkStepAnalysisJobs/cecommdevn", 
            "webappbaseurl": "/ce.icemr/app", 
            "projectid": "ICEMR", 
            "twitterurl": "https://twitter.com/ClinEpiDB", 
            "gbrowseusertrackuploadbase": "/var/www/Common/workspaces/gbrowse_data/ce.icemr/userdata/clinepidb", 
            "youtubeurl": "https://www.youtube.com/playlist?list=PLWzQB3i5sYAIp4urzLGB8jxvVZr6jvkZh", 
            "acctschema": "useraccounts.", 
            "legacywebappbaseurl": "/ce.icemr", 
            "facebookurl": "https://www.facebook.com/ClinEpiDB", 
            "webservicemirror": "/var/www/Common/apiSiteFilesMirror/webServices/", 
            "userschema": "userlogins5.", 
            "userdblink": "@cedevn.login_comment", 
            "googleanalyticsid": "", 
            "acctdblink": "@acctdbN.profile", 
            "localhost": "https://icemr.clinepidb.org"
          }
        }, 
        "vmenv": "PRODUCT=ClinEpiDB\nPROJECT=ICEMR\nHOST=sa.clinepidb.org\nWEBAPP=ce.b3\nRELEASE_NUMBER=2\nAPPDB_LOGIN=webwww\nBUILD_NUMBER=3\n", 
        "proxy": {
          "proxyapp": null, 
          "upstreamhost": null, 
          "proxyhost": null
        }, 
        "dashboard": {
          "token": "96bf309e-555a-4b97-8e5b-fda287780d7f", 
          "hostname": "icemr.clinepidb.org"
        }
      }, 
      "packer_dir": "{{ playbook_dir | dirname }}", 
      "packer_staging_dir": "{{ packer_build_dir }}/staging", 
      "packer_build_dir": "{{ packer_dir }}/builds"
    }
  }, 
  "buildhost": {
    "hosts": [
      "localhost"
    ], 
    "vars": {
      "ansible_connection": "local"
    }
  }
}